build/app/outputs/mapping/release/seeds.txt
com.example.demo_chat_app.MainActivity
com.example.demo_chat_app.MainActivity: MainActivity()
...
kotlinx.coroutines.channels.BufferedChannel: long receivers
kotlinx.coroutines.CancelledContinuation: int _resumed
org.webrtc.EglRenderer: org.webrtc.EglThread eglThread
org.webrtc.VideoEncoder$RateControlParameters: double framerateFps
org.webrtc.AndroidVideoDecoder: java.util.concurrent.BlockingDeque frameInfos
org.webrtc.EglBase14Impl$EglConnection: android.opengl.EGLDisplay eglDisplay
com.cloudwebrtc.webrtc.R$styleable: int FontFamilyFont_fontVariationSettings
io.flutter.embedding.engine.renderer.FlutterRenderer$ImageTextureRegistryEntry: java.lang.String TAG
org.webrtc.HardwareVideoEncoder: int sliceHeight
com.dexterous.flutterlocalnotifications.models.NotificationDetails: java.lang.String TEXT
com.cloudwebrtc.webrtc.utils.ConstraintsMap: java.util.Map mMap
com.dexterous.flutterlocalnotifications.models.styles.BigPictureStyleInformation: java.lang.Object bigPicture
com.cloudwebrtc.webrtc.GetUserMediaImpl$6: java.lang.String val$id
com.google.android.gms.signin.internal.zag: android.os.Parcelable$Creator CREATOR
com.cloudwebrtc.webrtc.SimulcastVideoEncoderFactoryWrapper$StreamEncoderWrapper: org.webrtc.VideoEncoder encoder
com.dexterous.flutterlocalnotifications.models.NotificationAction: java.lang.String id
com.cloudwebrtc.webrtc.R$attr: int ttcIndex
androidx.media3.container.Mp4LocationData: android.os.Parcelable$Creator CREATOR
org.webrtc.PeerConnectionFactory$InitializationOptions: java.lang.String nativeLibraryName
org.webrtc.AndroidVideoDecoder$DecodedTextureMetadata: java.lang.Integer decodeTimeMs
androidx.window.layout.HardwareFoldingFeature$Type: java.lang.String description
io.flutter.plugin.editing.ImeSyncDeferringInsetsCallback: int deferredInsetTypes
com.cloudwebrtc.webrtc.R$attr: int fontProviderPackage
com.dexterous.flutterlocalnotifications.RuntimeTypeAdapterFactory: java.lang.String typeFieldName
org.webrtc.audio.VolumeLogger: java.lang.String THREAD_NAME
org.webrtc.WrappedNativeI420Buffer: java.nio.ByteBuffer dataV
org.webrtc.VideoCodecStatus: org.webrtc.VideoCodecStatus TIMEOUT
androidx.window.R$styleable: int[] ActivityFilter
com.cloudwebrtc.webrtc.GetUserMediaImpl$2: org.webrtc.MediaStream val$mediaStream
org.webrtc.audio.WebRtcAudioRecord: org.webrtc.audio.WebRtcAudioEffects effects
org.webrtc.Camera2Session: int cameraOrientation
org.webrtc.PeerConnectionFactory$Builder: org.webrtc.audio.AudioDeviceModule audioDeviceModule
org.webrtc.PeerConnection$SignalingState: org.webrtc.PeerConnection$SignalingState HAVE_REMOTE_OFFER
org.webrtc.NetworkMonitorAutoDetect: java.lang.String wifiSSID
com.dexterous.flutterlocalnotifications.models.NotificationDetails: java.lang.String BIG_PICTURE
io.flutter.embedding.engine.mutatorsstack.FlutterMutatorsStack: java.util.List finalClippingPaths
androidx.window.layout.ExtensionWindowLayoutInfoBackend$MulticastConsumer: java.util.Set registeredListeners
org.webrtc.HardwareVideoEncoder: org.webrtc.EglBase14$Context sharedContext
kotlinx.coroutines.internal.ResizableAtomicArray: java.util.concurrent.atomic.AtomicReferenceArray array
org.webrtc.SoftwareVideoDecoderFactory$1: org.webrtc.SoftwareVideoDecoderFactory this$0
org.webrtc.RtpParameters$HeaderExtension: int id
com.cloudwebrtc.webrtc.record.VideoFileRenderer: org.webrtc.EglBase eglBase
org.webrtc.MediaSource$State: org.webrtc.MediaSource$State LIVE
com.google.android.gms.signin.internal.zak: android.os.Parcelable$Creator CREATOR
org.webrtc.NetworkMonitorAutoDetect: org.webrtc.NetworkMonitorAutoDetect$ConnectivityManagerDelegate connectivityManagerDelegate
com.cloudwebrtc.webrtc.R$id: int accessibility_custom_action_24
org.webrtc.GlGenericDrawer: int inTcLocation
org.webrtc.WrappedNativeI420Buffer: int strideU
org.webrtc.VideoFrameDrawer$YuvUploader: int[] yuvTextures
androidx.datastore.preferences.PreferencesProto$PreferenceMap: int PREFERENCES_FIELD_NUMBER
org.webrtc.PeerConnection$AdapterType: org.webrtc.PeerConnection$AdapterType[] $VALUES